<?xml version="1.0" encoding="UTF-8"?>
<!-- Generated by org.testng.reporters.JUnitReportReporter -->
<testsuite hostname="Abhijith" failures="0" tests="1" name="myWallet.TC_ShoopperLogin_010" time="17.429" errors="0" timestamp="2023-03-03T09:36:50 IST" skipped="0">
  <testcase classname="myWallet.TC_ShoopperLogin_010" name="useCoupon" time="17.429"/>
  <system-out>
Voucher doesn't exist  </system-out>
</testsuite> <!-- myWallet.TC_ShoopperLogin_010 -->
