<?xml version="1.0" encoding="UTF-8"?>
<!-- Generated by org.testng.reporters.JUnitReportReporter -->
<testsuite hostname="Abhijith" failures="0" tests="1" name="myOrders.TC_ShoopperLogin_007" time="6.591" errors="0" timestamp="2023-03-02T10:33:20 IST" skipped="0">
  <testcase classname="myOrders.TC_ShoopperLogin_007" name="trackOrder" time="6.591"/>
  <system-out>
Order not yet dispatched  </system-out>
</testsuite> <!-- myOrders.TC_ShoopperLogin_007 -->
