<?xml version="1.0" encoding="UTF-8"?>
<!-- Generated by org.testng.reporters.JUnitReportReporter -->
<testsuite hostname="Abhijith" failures="0" tests="1" name="payment.TC_ShoopperLogin_006" time="18.401" errors="0" timestamp="2023-03-02T12:50:41 IST" skipped="0">
  <testcase classname="payment.TC_ShoopperLogin_006" name="paymentThroughNetBanking" time="18.401"/>
  <system-out/>
</testsuite> <!-- payment.TC_ShoopperLogin_006 -->
