<?xml version="1.0" encoding="UTF-8"?>
<!-- Generated by org.testng.reporters.JUnitReportReporter -->
<testsuite hostname="Abhijith" failures="0" tests="1" name="wishlist.TC_ShoopperLogin_001" time="4.069" errors="0" timestamp="2023-02-28T14:59:07 IST" skipped="0">
  <testcase classname="wishlist.TC_ShoopperLogin_001" name="removeFromWishList" time="4.069"/>
  <system-out>
  </system-out>
</testsuite> <!-- wishlist.TC_ShoopperLogin_001 -->
