<?xml version="1.0" encoding="UTF-8"?>
<!-- Generated by org.testng.reporters.JUnitReportReporter -->
<testsuite hostname="Abhijith" failures="0" tests="1" name="myOrders.TC_ShoopperLogin_008" time="6.673" errors="0" timestamp="2023-03-02T10:57:06 IST" skipped="0">
  <testcase classname="myOrders.TC_ShoopperLogin_008" name="cancelOrder" time="6.673"/>
  <system-out/>
</testsuite> <!-- myOrders.TC_ShoopperLogin_008 -->
