<?xml version="1.0" encoding="UTF-8"?>
<!-- Generated by org.testng.reporters.JUnitReportReporter -->
<testsuite hostname="Abhijith" failures="0" tests="1" name="wishlist.TC_ShoopperLogin_002" time="15.483" errors="0" timestamp="2023-03-01T09:56:14 IST" skipped="0">
  <testcase classname="wishlist.TC_ShoopperLogin_002" name="cashOnDelivery" time="15.483"/>
  <system-out/>
</testsuite> <!-- wishlist.TC_ShoopperLogin_002 -->
