<?xml version="1.0" encoding="UTF-8"?>
<!-- Generated by org.testng.reporters.JUnitReportReporter -->
<testsuite hostname="Abhijith" failures="0" tests="1" name="productDescription.TC_ShoopperLogin_009" time="7.477" errors="0" timestamp="2023-03-06T10:29:18 IST" skipped="0">
  <testcase classname="productDescription.TC_ShoopperLogin_009" name="viewDeliverablePincodes" time="7.477"/>
  <system-out>
City Pincode Status  </system-out>
</testsuite> <!-- productDescription.TC_ShoopperLogin_009 -->
